<?xml version="1.0" encoding="UTF-8"?>
<testng-results skipped="0" failed="0" ignored="0" total="4" passed="4">
  <reporter-output>
  </reporter-output>
  <suite name="Default suite" duration-ms="18034" started-at="2017-09-11T18:35:13Z" finished-at="2017-09-11T18:35:31Z">
    <groups>
    </groups>
    <test name="Default test" duration-ms="18034" started-at="2017-09-11T18:35:13Z" finished-at="2017-09-11T18:35:31Z">
      <class name="group99bank.g99bank.test.LoginUser2">
        <test-method status="PASS" signature="beforeTest()[pri:0, instance:group99bank.g99bank.test.LoginUser2@3c0ecd4b]" name="beforeTest" is-config="true" duration-ms="5734" started-at="2017-09-11T14:35:13Z" finished-at="2017-09-11T14:35:18Z">
          <reporter-output>
          </reporter-output>
        </test-method> <!-- beforeTest -->
        <test-method status="PASS" signature="login(java.lang.String, java.lang.String)[pri:0, instance:group99bank.g99bank.test.LoginUser2@3c0ecd4b]" name="login" duration-ms="898" started-at="2017-09-11T14:35:18Z" data-provider="getUsers" finished-at="2017-09-11T14:35:19Z">
          <params>
            <param index="0">
              <value>
                <![CDATA[mngr95961]]>
              </value>
            </param>
            <param index="1">
              <value>
                <![CDATA[YpUtunY]]>
              </value>
            </param>
          </params>
          <reporter-output>
          </reporter-output>
        </test-method> <!-- login -->
        <test-method status="PASS" signature="afterTest()[pri:0, instance:group99bank.g99bank.test.LoginUser2@3c0ecd4b]" name="afterTest" is-config="true" duration-ms="52" started-at="2017-09-11T14:35:19Z" finished-at="2017-09-11T14:35:19Z">
          <reporter-output>
          </reporter-output>
        </test-method> <!-- afterTest -->
        <test-method status="PASS" signature="beforeTest()[pri:0, instance:group99bank.g99bank.test.LoginUser2@3c0ecd4b]" name="beforeTest" is-config="true" duration-ms="3154" started-at="2017-09-11T14:35:19Z" finished-at="2017-09-11T14:35:23Z">
          <reporter-output>
          </reporter-output>
        </test-method> <!-- beforeTest -->
        <test-method status="PASS" signature="login(java.lang.String, java.lang.String)[pri:0, instance:group99bank.g99bank.test.LoginUser2@3c0ecd4b]" name="login" duration-ms="493" started-at="2017-09-11T14:35:23Z" data-provider="getUsers" finished-at="2017-09-11T14:35:23Z">
          <params>
            <param index="0">
              <value>
                <![CDATA[mngr95961]]>
              </value>
            </param>
            <param index="1">
              <value>
                <![CDATA[wrongpass]]>
              </value>
            </param>
          </params>
          <reporter-output>
          </reporter-output>
        </test-method> <!-- login -->
        <test-method status="PASS" signature="afterTest()[pri:0, instance:group99bank.g99bank.test.LoginUser2@3c0ecd4b]" name="afterTest" is-config="true" duration-ms="58" started-at="2017-09-11T14:35:23Z" finished-at="2017-09-11T14:35:23Z">
          <reporter-output>
          </reporter-output>
        </test-method> <!-- afterTest -->
        <test-method status="PASS" signature="beforeTest()[pri:0, instance:group99bank.g99bank.test.LoginUser2@3c0ecd4b]" name="beforeTest" is-config="true" duration-ms="3453" started-at="2017-09-11T14:35:23Z" finished-at="2017-09-11T14:35:27Z">
          <reporter-output>
          </reporter-output>
        </test-method> <!-- beforeTest -->
        <test-method status="PASS" signature="login(java.lang.String, java.lang.String)[pri:0, instance:group99bank.g99bank.test.LoginUser2@3c0ecd4b]" name="login" duration-ms="417" started-at="2017-09-11T14:35:27Z" data-provider="getUsers" finished-at="2017-09-11T14:35:27Z">
          <params>
            <param index="0">
              <value>
                <![CDATA[wronguser]]>
              </value>
            </param>
            <param index="1">
              <value>
                <![CDATA[YpUtunY]]>
              </value>
            </param>
          </params>
          <reporter-output>
          </reporter-output>
        </test-method> <!-- login -->
        <test-method status="PASS" signature="afterTest()[pri:0, instance:group99bank.g99bank.test.LoginUser2@3c0ecd4b]" name="afterTest" is-config="true" duration-ms="74" started-at="2017-09-11T14:35:27Z" finished-at="2017-09-11T14:35:27Z">
          <reporter-output>
          </reporter-output>
        </test-method> <!-- afterTest -->
        <test-method status="PASS" signature="beforeTest()[pri:0, instance:group99bank.g99bank.test.LoginUser2@3c0ecd4b]" name="beforeTest" is-config="true" duration-ms="3236" started-at="2017-09-11T14:35:27Z" finished-at="2017-09-11T14:35:30Z">
          <reporter-output>
          </reporter-output>
        </test-method> <!-- beforeTest -->
        <test-method status="PASS" signature="login(java.lang.String, java.lang.String)[pri:0, instance:group99bank.g99bank.test.LoginUser2@3c0ecd4b]" name="login" duration-ms="373" started-at="2017-09-11T14:35:30Z" data-provider="getUsers" finished-at="2017-09-11T14:35:31Z">
          <params>
            <param index="0">
              <value>
                <![CDATA[wronguser]]>
              </value>
            </param>
            <param index="1">
              <value>
                <![CDATA[wrongpass]]>
              </value>
            </param>
          </params>
          <reporter-output>
          </reporter-output>
        </test-method> <!-- login -->
        <test-method status="PASS" signature="afterTest()[pri:0, instance:group99bank.g99bank.test.LoginUser2@3c0ecd4b]" name="afterTest" is-config="true" duration-ms="53" started-at="2017-09-11T14:35:31Z" finished-at="2017-09-11T14:35:31Z">
          <reporter-output>
          </reporter-output>
        </test-method> <!-- afterTest -->
      </class> <!-- group99bank.g99bank.test.LoginUser2 -->
    </test> <!-- Default test -->
  </suite> <!-- Default suite -->
</testng-results>
