<?xml version="1.0" encoding="UTF-8"?>
<!-- Generated by org.testng.reporters.JUnitXMLReporter -->
<testsuite hostname="Admins-iMac.fios-router.home" ignored="0" name="Default test" tests="4" failures="0" timestamp="11 Sep 2017 18:35:31 GMT" time="18.034" errors="0">
  <testcase name="login" time="0.898" classname="group99bank.g99bank.test.LoginUser2"/>
  <testcase name="login" time="0.493" classname="group99bank.g99bank.test.LoginUser2"/>
  <testcase name="login" time="0.417" classname="group99bank.g99bank.test.LoginUser2"/>
  <testcase name="login" time="0.373" classname="group99bank.g99bank.test.LoginUser2"/>
</testsuite> <!-- Default test -->
