<?xml version="1.0" encoding="UTF-8"?>
<!-- Generated by org.testng.reporters.JUnitXMLReporter -->
<testsuite hostname="Admins-iMac.fios-router.home" ignored="0" name="Default test" tests="4" failures="0" timestamp="08 Sep 2017 13:58:19 GMT" time="14.857" errors="0">
  <testcase name="login" time="0.437" classname="group99bank.g99bank.test.LoginUser"/>
  <testcase name="login" time="0.399" classname="group99bank.g99bank.test.LoginUser"/>
  <testcase name="login" time="0.348" classname="group99bank.g99bank.test.LoginUser"/>
  <testcase name="login" time="0.571" classname="group99bank.g99bank.test.LoginUser"/>
</testsuite> <!-- Default test -->
